<?xml version="1.0" encoding="UTF-8"?>
<coverage generated="1526596787617" clover="3.2.0">
  <project timestamp="1526596787618" name="All files">
    <metrics statements="16" coveredstatements="16" conditionals="18" coveredconditionals="16" methods="3" coveredmethods="3" elements="37" coveredelements="35" complexity="0" loc="16" ncloc="16" packages="1" files="2" classes="2">
      <file name="arithmetic.js" path="/Users/mrebb/codefellows/401/lab/01-node-ecosystem/lab-madhu/lib/arithmetic.js">
        <metrics statements="11" coveredstatements="11" conditionals="16" coveredconditionals="14" methods="2" coveredmethods="2"/>
        <line num="1" count="1" type="stmt"/>
        <line num="3" count="1" type="stmt"/>
        <line num="4" count="2" type="cond" truecount="4" falsecount="0"/>
        <line num="5" count="1" type="stmt"/>
        <line num="7" count="1" type="cond" truecount="3" falsecount="1"/>
        <line num="8" count="1" type="stmt"/>
        <line num="12" count="1" type="stmt"/>
        <line num="13" count="2" type="cond" truecount="4" falsecount="0"/>
        <line num="14" count="1" type="stmt"/>
        <line num="16" count="1" type="cond" truecount="3" falsecount="1"/>
        <line num="17" count="1" type="stmt"/>
      </file>
      <file name="greet.js" path="/Users/mrebb/codefellows/401/lab/01-node-ecosystem/lab-madhu/lib/greet.js">
        <metrics statements="5" coveredstatements="5" conditionals="2" coveredconditionals="2" methods="1" coveredmethods="1"/>
        <line num="1" count="1" type="stmt"/>
        <line num="3" count="1" type="stmt"/>
        <line num="4" count="2" type="cond" truecount="2" falsecount="0"/>
        <line num="5" count="1" type="stmt"/>
        <line num="7" count="1" type="stmt"/>
      </file>
    </metrics>
  </project>
</coverage>
