TN:
SF:/Users/mrebb/codefellows/401/lab/01-node-ecosystem/lab-madhu/lib/arithmetic.js
FN:3,(anonymous_0)
FN:12,(anonymous_1)
FNF:2
FNH:2
FNDA:2,(anonymous_0)
FNDA:2,(anonymous_1)
DA:1,1
DA:3,1
DA:4,2
DA:5,1
DA:7,1
DA:8,1
DA:12,1
DA:13,2
DA:14,1
DA:16,1
DA:17,1
LF:11
LH:11
BRDA:4,0,0,1
BRDA:4,0,1,1
BRDA:4,1,0,2
BRDA:4,1,1,2
BRDA:7,2,0,1
BRDA:7,2,1,0
BRDA:7,3,0,1
BRDA:7,3,1,1
BRDA:13,4,0,1
BRDA:13,4,1,1
BRDA:13,5,0,2
BRDA:13,5,1,2
BRDA:16,6,0,1
BRDA:16,6,1,0
BRDA:16,7,0,1
BRDA:16,7,1,1
BRF:16
BRH:14
end_of_record
TN:
SF:/Users/mrebb/codefellows/401/lab/01-node-ecosystem/lab-madhu/lib/greet.js
FN:3,(anonymous_0)
FNF:1
FNH:1
FNDA:2,(anonymous_0)
DA:1,1
DA:3,1
DA:4,2
DA:5,1
DA:7,1
LF:5
LH:5
BRDA:4,0,0,1
BRDA:4,0,1,1
BRF:2
BRH:2
end_of_record
